$ vite build
vite v7.3.1 building client environment for production...
transforming...

[@tanstack/devtools-vite] Removed devtools code from: /src/routes/__root.tsx

✓ 263 modules transformed.
rendering chunks...
computing gzip size...
dist/client/assets/styles-BOlxdKzz.css         38.90 kB │ gzip:   7.63 kB
dist/client/assets/CardPreview-BIKhTe9L.js      1.35 kB │ gzip:   0.63 kB
dist/client/assets/realtime-DIQm55gY.js         1.64 kB │ gzip:   0.75 kB
dist/client/assets/storage-Rssot3_d.js          2.30 kB │ gzip:   0.89 kB
dist/client/assets/rooms-Cn5qdFTY.js            3.92 kB │ gzip:   1.38 kB
dist/client/assets/rooms._roomId-BEItbGl7.js    5.48 kB │ gzip:   1.78 kB
dist/client/assets/decks-BQ4RMHPV.js            7.22 kB │ gzip:   2.29 kB
dist/client/assets/index-CzDP05t4.js            7.32 kB │ gzip:   2.27 kB
dist/client/assets/game-DtsREqUy.js             8.17 kB │ gzip:   2.23 kB
dist/client/assets/card-BxRBaMAV.js            31.33 kB │ gzip:  10.16 kB
dist/client/assets/index-DkNb8xOS.js           67.48 kB │ gzip:  18.37 kB
dist/client/assets/icons-CFsChNYC.js          140.86 kB │ gzip:  59.22 kB
dist/client/assets/main-CJ8i7sd-.js           328.23 kB │ gzip: 104.45 kB
✓ built in 950ms
vite v7.3.1 building ssr environment for production...
transforming...

[@tanstack/devtools-vite] Removed devtools code from: /src/routes/__root.tsx

✓ 120 modules transformed.
rendering chunks...
dist/server/assets/start-HYkvq4Ni.js                         0.06 kB
dist/server/assets/_tanstack-start-manifest_v-CDosuGZ2.js    1.72 kB
dist/server/assets/CardPreview-DzKuVyt_.js                   2.10 kB
dist/server/assets/icons-gFBCoMyF.js                         2.76 kB
dist/server/assets/card-BHqwFY10.js                          2.99 kB
dist/server/assets/index-Cti8YDD1.js                         3.10 kB
dist/server/assets/realtime-BC1L-Lhs.js                      3.22 kB
dist/server/assets/storage-BL-wSOJV.js                       4.95 kB
dist/server/assets/rooms-DOBSandp.js                         6.28 kB
dist/server/assets/rooms._roomId-5bD8LAjp.js                 8.66 kB
dist/server/assets/router-BHHIHlnC.js                        9.17 kB
dist/server/assets/index-BUxnu4D4.js                        11.26 kB
dist/server/assets/decks-BKkf1ubh.js                        12.05 kB
dist/server/assets/game-DDFeg1Tk.js                         12.14 kB
dist/server/server.js                                      134.36 kB
✓ built in 254ms
